<?xml version="1.0" encoding="utf-8"?><testsuites name="pytest tests"><testsuite name="pytest" errors="0" failures="0" skipped="0" tests="13" time="360.716" timestamp="2026-07-24T22:01:28.152451+00:00" hostname="agent-env-3627894e-c20b-4446-9c49-c717db2e143a"><testcase classname="tests.test_assignment_representation.TestAnalyze" name="test_create_session_analyze" time="12.726" /><testcase classname="tests.test_assignment_representation.TestAnalyze" name="test_empty_assignment_rejected" time="0.143" /><testcase classname="tests.test_assignment_representation.TestInterpretVariants" name="test_variant[omits_outcomes]" time="27.025" /><testcase classname="tests.test_assignment_representation.TestInterpretVariants" name="test_variant[confuses_process_outcome]" time="27.884" /><testcase classname="tests.test_assignment_representation.TestInterpretVariants" name="test_variant[only_growth]" time="30.118" /><testcase classname="tests.test_assignment_representation.TestInterpretVariants" name="test_variant[accurate]" time="23.008" /><testcase classname="tests.test_assignment_representation.TestInterpretVariants" name="test_variant[misunderstands_compare]" time="28.833" /><testcase classname="tests.test_assignment_representation.TestIDontKnow" name="test_i_dont_know_on_non_derivable_escalates_to_direct_teaching" time="37.721" /><testcase classname="tests.test_assignment_representation.TestOperationLoop" name="test_weak_response_stays_and_escalates" time="40.969" /><testcase classname="tests.test_assignment_representation.TestOperationLoop" name="test_good_response_advances" time="37.521" /><testcase classname="tests.test_assignment_representation.TestRestatement" name="test_adequate_restatement" time="32.148" /><testcase classname="tests.test_assignment_representation.TestEditRestart" name="test_patch_resets" time="35.805" /><testcase classname="tests.test_assignment_representation.TestNoLeak" name="test_no_confidence_in_scaffold_text" time="26.738" /></testsuite></testsuites>