<?xml version="1.0" encoding="utf-8"?><testsuites name="pytest tests"><testsuite name="pytest" errors="0" failures="0" skipped="0" tests="5" time="65.618" timestamp="2026-07-21T22:12:57.228478+00:00" hostname="agent-env-3627894e-c20b-4446-9c49-c717db2e143a"><testcase classname="tests.test_anchored_coaching_iteration27.TestWorkspaceDurableInteract" name="test_create_session_returns_id_and_telos" time="0.357" /><testcase classname="tests.test_anchored_coaching_iteration27.TestPreviewSession" name="test_preview_session_creation_and_fixed_telos" time="0.171" /><testcase classname="tests.test_anchored_coaching_iteration27.TestPreviewSession" name="test_preview_interact_and_completes" time="39.999" /><testcase classname="tests.test_anchored_coaching_iteration27.TestWorkspaceDurableInteract" name="test_interact_returns_processing_placeholder_quickly" time="0.077" /><testcase classname="tests.test_anchored_coaching_iteration27.TestWorkspaceDurableInteract" name="test_poll_until_complete_workspace" time="64.679" /></testsuite></testsuites>