<?xml version="1.0" encoding="utf-8"?><testsuites name="pytest tests"><testsuite name="pytest" errors="0" failures="0" skipped="0" tests="8" time="211.962" timestamp="2026-07-19T14:52:31.986690+00:00" hostname="agent-env-3627894e-c20b-4446-9c49-c717db2e143a"><testcase classname="tests.test_durable_processing_iteration20.TestImmediateReturnAndBackgroundCompletion" name="test_interact_returns_immediately_with_processing_placeholder" time="0.216" /><testcase classname="tests.test_durable_processing_iteration20.TestImmediateReturnAndBackgroundCompletion" name="test_concurrent_post_returns_409" time="0.097" /><testcase classname="tests.test_durable_processing_iteration20.TestImmediateReturnAndBackgroundCompletion" name="test_polling_shows_completion_with_populated_fields" time="60.200" /><testcase classname="tests.test_durable_processing_iteration20.TestImmediateReturnAndBackgroundCompletion" name="test_m1_m14_regression_after_writing_turn" time="0.093" /><testcase classname="tests.test_durable_processing_iteration20.TestResubmitAndReviseRegression" name="test_resubmit_when_idle_returns_200" time="0.202" /><testcase classname="tests.test_durable_processing_iteration20.TestResubmitAndReviseRegression" name="test_revise_completes_and_m13_m14_regression" time="70.603" /><testcase classname="tests.test_durable_processing_iteration20.TestDurabilityAcrossDisconnect" name="test_disconnect_still_persists" time="80.385" /><testcase classname="tests.test_durable_processing_iteration20.TestGuards" name="test_empty_submission_400" time="0.114" /></testsuite></testsuites>