<?xml version="1.0" encoding="utf-8"?><testsuites name="pytest tests"><testsuite name="pytest" errors="0" failures="0" skipped="0" tests="10" time="135.925" timestamp="2026-07-20T18:24:36.461267+00:00" hostname="agent-env-3627894e-c20b-4446-9c49-c717db2e143a"><testcase classname="tests.test_developmental_memory_iteration24" name="test_turn1_profile_is_seeded" time="59.837" /><testcase classname="tests.test_developmental_memory_iteration24" name="test_turn1_governed_instruction_intact" time="0.000" /><testcase classname="tests.test_developmental_memory_iteration24" name="test_turn1_one_target_and_network_no_errors" time="0.000" /><testcase classname="tests.test_developmental_memory_iteration24" name="test_turn2_profile_merged_not_duplicated" time="75.473" /><testcase classname="tests.test_developmental_memory_iteration24" name="test_turn2_same_element_episodes_bumped_or_trend_advanced" time="0.001" /><testcase classname="tests.test_developmental_memory_iteration24" name="test_turn2_evidence_of_developmental_movement_populated" time="0.000" /><testcase classname="tests.test_developmental_memory_iteration24" name="test_turn2_profile_persists_via_get" time="0.114" /><testcase classname="tests.test_developmental_memory_iteration24" name="test_turn2_one_target_and_regression" time="0.000" /><testcase classname="tests.test_developmental_memory_iteration24" name="test_turn2_invitation_does_not_rewrite_student_text" time="0.000" /><testcase classname="tests.test_developmental_memory_iteration24" name="test_turn2_invitation_integrates_with_network" time="0.000" /></testsuite></testsuites>