<?xml version="1.0" encoding="utf-8"?><testsuites name="pytest tests"><testsuite name="pytest" errors="0" failures="0" skipped="0" tests="4" time="0.861" timestamp="2026-07-19T17:03:48.027162+00:00" hostname="agent-env-3627894e-c20b-4446-9c49-c717db2e143a"><testcase classname="tests.test_assignment_prompt_iteration22" name="test_health" time="0.174" /><testcase classname="tests.test_assignment_prompt_iteration22" name="test_create_session_with_assignment_prompt" time="0.098" /><testcase classname="tests.test_assignment_prompt_iteration22" name="test_create_session_without_assignment_prompt" time="0.101" /><testcase classname="tests.test_assignment_prompt_iteration22" name="test_assignment_prompt_not_in_engine_prompt" time="0.001" /></testsuite></testsuites>