<?xml version="1.0" encoding="utf-8"?><testsuites name="pytest tests"><testsuite name="pytest" errors="0" failures="0" skipped="0" tests="16" time="73.063" timestamp="2026-07-20T18:01:06.899866+00:00" hostname="agent-env-3627894e-c20b-4446-9c49-c717db2e143a"><testcase classname="tests.test_instructional_reasoning_iteration23.TestInstructionalReasoning" name="test_ir_block_present_and_applies" time="63.136" /><testcase classname="tests.test_instructional_reasoning_iteration23.TestInstructionalReasoning" name="test_ir_current_unit_of_writing" time="0.000" /><testcase classname="tests.test_instructional_reasoning_iteration23.TestInstructionalReasoning" name="test_ir_active_instructional_element_is_canonical" time="0.000" /><testcase classname="tests.test_instructional_reasoning_iteration23.TestInstructionalReasoning" name="test_ir_qualitative_fields_populated" time="0.000" /><testcase classname="tests.test_instructional_reasoning_iteration23.TestInstructionalReasoning" name="test_ir_selected_resources_non_empty_and_not_only_focused_question" time="0.000" /><testcase classname="tests.test_instructional_reasoning_iteration23.TestInstructionalReasoning" name="test_ir_degree_of_student_control_valid" time="0.000" /><testcase classname="tests.test_instructional_reasoning_iteration23.TestInstructionalReasoning" name="test_ir_continue_decision_valid" time="0.000" /><testcase classname="tests.test_instructional_reasoning_iteration23.TestInstructionalReasoning" name="test_intervention_focus_is_writing" time="0.000" /><testcase classname="tests.test_instructional_reasoning_iteration23.TestRegression" name="test_scaffolding_primary_target_present_single" time="0.000" /><testcase classname="tests.test_instructional_reasoning_iteration23.TestRegression" name="test_integration_calibration_applies" time="0.000" /><testcase classname="tests.test_instructional_reasoning_iteration23.TestRegression" name="test_no_500s_and_status_complete" time="0.000" /><testcase classname="tests.test_instructional_reasoning_iteration23.TestRegression" name="test_assignment_prompt_persisted" time="0.000" /><testcase classname="tests.test_instructional_reasoning_iteration23.TestInvitationQualitative" name="test_invitation_teaches_concept" time="72.556" /><testcase classname="tests.test_instructional_reasoning_iteration23.TestInvitationQualitative" name="test_invitation_reorients_to_assignment" time="0.000" /><testcase classname="tests.test_instructional_reasoning_iteration23.TestInvitationQualitative" name="test_invitation_asks_for_one_act" time="0.000" /><testcase classname="tests.test_instructional_reasoning_iteration23.TestInvitationQualitative" name="test_invitation_does_not_rewrite_thesis" time="0.000" /></testsuite></testsuites>