<?xml version="1.0" encoding="utf-8"?><testsuites name="pytest tests"><testsuite name="pytest" errors="0" failures="0" skipped="0" tests="9" time="3.665" timestamp="2026-07-24T16:16:31.612594+00:00" hostname="agent-env-3627894e-c20b-4446-9c49-c717db2e143a"><testcase classname="tests.test_meaning_workspace.TestEventLog" name="test_events_append_with_timestamp_and_session_id" time="0.363" /><testcase classname="tests.test_meaning_workspace.TestCoachReadOnly" name="test_coach_appends_note_and_never_mutates_map" time="2.867" /><testcase classname="tests.test_meaning_workspace.TestEventLog" name="test_events_empty_batch_ok" time="0.095" /><testcase classname="tests.test_meaning_workspace.TestEventLog" name="test_events_unknown_map_404" time="0.093" /><testcase classname="tests.test_meaning_workspace.TestSaveMap" name="test_put_persists_objects_connections_groups" time="0.274" /><testcase classname="tests.test_meaning_workspace.TestSaveMap" name="test_put_unknown_map_returns_404" time="0.096" /><testcase classname="tests.test_meaning_workspace.TestGetOrCreateMap" name="test_idempotent_returns_same_map" time="0.091" /><testcase classname="tests.test_meaning_workspace.TestCoachReadOnly" name="test_coach_on_empty_map_returns_prompt_without_llm" time="0.216" /><testcase classname="tests.test_meaning_workspace.TestCoachReadOnly" name="test_coach_unknown_map_404" time="0.071" /></testsuite></testsuites>