<?xml version="1.0" encoding="utf-8"?><testsuites name="pytest tests"><testsuite name="pytest" errors="0" failures="0" skipped="0" tests="2" time="104.332" timestamp="2026-07-19T12:46:58.399299+00:00" hostname="agent-env-3627894e-c20b-4446-9c49-c717db2e143a"><testcase classname="tests.test_milestone13_iteration18.TestGrowthSessionA" name="test_a1_first_draft_applies_false" time="49.844" /><testcase classname="tests.test_milestone13_iteration18.TestGrowthSessionA" name="test_a2_revise_growth_triggers_primary_growth_and_transfer" time="54.443" /></testsuite></testsuites>