<?xml version="1.0" encoding="utf-8"?><testsuites name="pytest tests"><testsuite name="pytest" errors="0" failures="1" skipped="0" tests="7" time="380.969" timestamp="2026-07-19T12:17:10.776209+00:00" hostname="agent-env-3627894e-c20b-4446-9c49-c717db2e143a"><testcase classname="tests.test_milestone13_revision_development.TestSubstantialGrowth" name="test_substantial_growth_triggers_primary_growth_and_transfer" time="106.140" /><testcase classname="tests.test_milestone13_revision_development.TestCRUDAndFirstSubmission" name="test_crud_and_default_revision_development" time="0.250" /><testcase classname="tests.test_milestone13_revision_development.TestCRUDAndFirstSubmission" name="test_get_nonexistent_returns_404" time="0.081" /><testcase classname="tests.test_milestone13_revision_development.TestCRUDAndFirstSubmission" name="test_first_submission_revision_development_not_applies" time="46.367" /><testcase classname="tests.test_milestone13_revision_development.TestRegression" name="test_regression_detected_and_single_opportunity_named" time="99.066" /><testcase classname="tests.test_milestone13_revision_development.TestSuperficialEdit" name="test_superficial_edit_yields_no_or_partial_and_names_remaining_opportunity" time="100.374" /><testcase classname="tests.test_milestone13_revision_development.TestM6toM12RegressionAndHistory" name="test_supported_revise_preserves_m6_to_m12_and_history" time="234.673"><failure message="AssertionError: turn2 SSE failed: err=None&#10;assert (200 == 200 and None is not None)">backend/tests/test_milestone13_revision_development.py:472: in test_supported_revise_preserves_m6_to_m12_and_history
    assert st2 == 200 and s2 is not None, f"turn2 SSE failed: err={e2}"
E   AssertionError: turn2 SSE failed: err=None
E   assert (200 == 200 and None is not None)</failure></testcase></testsuite></testsuites>