<?xml version="1.0" encoding="utf-8"?><testsuites name="pytest tests"><testsuite name="pytest" errors="0" failures="0" skipped="0" tests="2" time="292.330" timestamp="2026-07-19T01:50:05.658067+00:00" hostname="agent-env-3627894e-c20b-4446-9c49-c717db2e143a"><testcase classname="tests.test_milestone12_reader_construction.TestEvolvingReaderModel" name="test_reader_model_evolves_across_turns" time="169.840" /><testcase classname="tests.test_milestone12_reader_construction.TestM6toM11Regression" name="test_supported_body_paragraph_preserves_all_frameworks" time="122.414" /></testsuite></testsuites>