<?xml version="1.0" encoding="utf-8"?><testsuites name="pytest tests"><testsuite name="pytest" errors="0" failures="1" skipped="0" tests="4" time="239.567" timestamp="2026-07-19T12:42:32.105186+00:00" hostname="agent-env-3627894e-c20b-4446-9c49-c717db2e143a"><testcase classname="tests.test_milestone13_iteration18.TestSuperficialSessionB" name="test_b1_first_draft" time="49.710" /><testcase classname="tests.test_milestone13_iteration18.TestGrowthSessionA" name="test_a1_first_draft_applies_false" time="46.718" /><testcase classname="tests.test_milestone13_iteration18.TestGrowthSessionA" name="test_a2_revise_growth_triggers_primary_growth_and_transfer" time="192.334"><failure message="AssertionError: turn2 SSE failed: err=None&#10;assert (200 == 200 and None is not None)">backend/tests/test_milestone13_iteration18.py:216: in test_a2_revise_growth_triggers_primary_growth_and_transfer
    assert status == 200 and s is not None, f"turn2 SSE failed: err={err}"
E   AssertionError: turn2 SSE failed: err=None
E   assert (200 == 200 and None is not None)</failure></testcase><testcase classname="tests.test_milestone13_iteration18.TestSuperficialSessionB" name="test_b2_superficial_revise_yields_no_or_partial_and_remaining_opportunity" time="56.297" /></testsuite></testsuites>