<?xml version="1.0" encoding="utf-8"?><testsuites name="pytest tests"><testsuite name="pytest" errors="0" failures="0" skipped="0" tests="13" time="177.413" timestamp="2026-07-17T22:39:47.387681+00:00" hostname="agent-env-3627894e-c20b-4446-9c49-c717db2e143a"><testcase classname="tests.test_milestone3_thesis.TestThesisRecordShape" name="test_thesis_record_has_enrichment_fields" time="0.000" /><testcase classname="tests.test_milestone3_thesis.TestSectionLevelRetrievalHelper" name="test_get_relevant_domain_data_filters_by_sections" time="1.584" /><testcase classname="tests.test_milestone3_thesis.TestSectionLevelRetrievalHelper" name="test_get_relevant_domain_data_falls_back_to_full_record" time="0.000" /><testcase classname="tests.test_milestone3_thesis.TestSectionLevelRetrievalHelper" name="test_get_relevant_domain_data_accepts_bare_names" time="0.000" /><testcase classname="tests.test_milestone3_thesis.TestThesisReasoningFlow" name="test_turn1_writing_selects_thesis_domain" time="31.924" /><testcase classname="tests.test_milestone3_thesis.TestThesisReasoningFlow" name="test_turn2_revise_shifts_theory" time="37.336" /><testcase classname="tests.test_milestone3_thesis.TestThesisReasoningFlow" name="test_turn3_answer_history_grows" time="37.892" /><testcase classname="tests.test_milestone3_thesis.TestThesisReasoningFlow" name="test_turn4_revise_history_v4_reliability" time="35.261" /><testcase classname="tests.test_milestone3_thesis.TestGenreSensitivity" name="test_narrative_opening_does_not_demand_argumentative_thesis" time="33.081" /><testcase classname="tests.test_milestone3_thesis.TestSectionLevelRetrievalLog" name="test_recent_prompt_bytes_bounded_by_section_filter" time="0.001" /><testcase classname="tests.test_milestone3_thesis.TestSectionLevelRetrievalLog" name="test_log_reports_per_domain_section_counts" time="0.001" /><testcase classname="tests.test_milestone3_thesis.TestValidationRegression" name="test_empty_content_returns_400" time="0.132" /><testcase classname="tests.test_milestone3_thesis.TestValidationRegression" name="test_missing_session_returns_404" time="0.106" /></testsuite></testsuites>