<?xml version="1.0" encoding="utf-8"?><testsuites name="pytest tests"><testsuite name="pytest" errors="0" failures="2" skipped="0" tests="8" time="301.937" timestamp="2026-07-18T19:49:28.043730+00:00" hostname="agent-env-3627894e-c20b-4446-9c49-c717db2e143a"><testcase classname="tests.test_milestone6_communicative_purpose.TestPurposeInference" name="test_persuade_purpose_inferred" time="34.421"><failure message="AssertionError: content-coaching phrasing leaked: [&quot;what(?:'s| is| are)?\\s+(?:really\\s+)?at stake&quot;] | inv=&quot;Your opening sentence takes a clear position and gives two reasons — that's a strong start for an argument. Right now a reader knows what you're against and two reasons why, but not yet what you're for or what's at stake. What would you want a reader to understand about why this matters before they read the rest of your essay?&quot;&#10;assert not [&quot;what(?:'s| is| are)?\\s+(?:really\\s+)?at stake&quot;]">backend/tests/test_milestone6_communicative_purpose.py:288: in test_persuade_purpose_inferred
    assert not flags, f"content-coaching phrasing leaked: {flags} | inv={inv!r}"
E   AssertionError: content-coaching phrasing leaked: ["what(?:'s| is| are)?\\s+(?:really\\s+)?at stake"] | inv="Your opening sentence takes a clear position and gives two reasons — that's a strong start for an argument. Right now a reader knows what you're against and two reasons why, but not yet what you're for or what's at stake. What would you want a reader to understand about why this matters before they read the rest of your essay?"
E   assert not ["what(?:'s| is| are)?\\s+(?:really\\s+)?at stake"]</failure></testcase><testcase classname="tests.test_milestone6_communicative_purpose.TestPurposeInference" name="test_explain_purpose_inferred" time="33.643" /><testcase classname="tests.test_milestone6_communicative_purpose.TestPurposeInference" name="test_narrate_purpose_and_no_persuasive_thesis_push" time="39.337"><failure message="AssertionError: narrative assignment must yield narrate primary, got {'primary': 'reflect — communicate the meaning of a turning-point experience', 'secondary': ['narrate'], 'inferred_from': &quot;assignment prompt ('turning point') and student's opening, which foregrounds inner meaning alongside external event&quot;, 'uncertainty': 'Controlling insight or tension not yet articulated; unclear whether narrative will interpret or merely recount'}&#10;assert False&#10; +  where False = any(&lt;generator object TestPurposeInference.test_narrate_purpose_and_no_persuasive_thesis_push.&lt;locals&gt;.&lt;genexpr&gt; at 0xffe0e69a27a0&gt;)">backend/tests/test_milestone6_communicative_purpose.py:341: in test_narrate_purpose_and_no_persuasive_thesis_push
    assert any(k in prim for k in ("narrat", "story", "recount")), (
E   AssertionError: narrative assignment must yield narrate primary, got {'primary': 'reflect — communicate the meaning of a turning-point experience', 'secondary': ['narrate'], 'inferred_from': "assignment prompt ('turning point') and student's opening, which foregrounds inner meaning alongside external event", 'uncertainty': 'Controlling insight or tension not yet articulated; unclear whether narrative will interpret or merely recount'}
E   assert False
E    +  where False = any(&lt;generator object TestPurposeInference.test_narrate_purpose_and_no_persuasive_thesis_push.&lt;locals&gt;.&lt;genexpr&gt; at 0xffe0e69a27a0&gt;)</failure></testcase><testcase classname="tests.test_milestone6_communicative_purpose.TestPurposeInference" name="test_analyze_purpose_inferred" time="39.271" /><testcase classname="tests.test_milestone6_communicative_purpose.TestMixedPurpose" name="test_mixed_purpose_holds_multiple" time="40.551" /><testcase classname="tests.test_milestone6_communicative_purpose.TestMultiTurnRegression" name="test_multi_turn_writing_revise_answer" time="114.282" /><testcase classname="tests.test_milestone6_communicative_purpose.TestSessionCrud" name="test_create_get_patch" time="0.288" /><testcase classname="tests.test_milestone6_communicative_purpose.TestSessionCrud" name="test_get_nonexistent" time="0.050" /></testsuite></testsuites>