<?xml version="1.0" encoding="utf-8"?><testsuites name="pytest tests"><testsuite name="pytest" errors="0" failures="0" skipped="0" tests="6" time="264.267" timestamp="2026-07-18T20:55:10.635358+00:00" hostname="agent-env-3627894e-c20b-4446-9c49-c717db2e143a"><testcase classname="tests.test_milestone7_paragraph_function.TestEffectiveParagraph" name="test_strong_paragraph_honored_and_named" time="43.946" /><testcase classname="tests.test_milestone7_paragraph_function.TestWeaklyOrganizedParagraph" name="test_weak_paragraph_diagnosed_and_invited" time="40.630" /><testcase classname="tests.test_milestone7_paragraph_function.TestNarrativeParagraphCoordination" name="test_narrative_paragraph_invited_about_meaning_not_thesis" time="45.153" /><testcase classname="tests.test_milestone7_paragraph_function.TestMultiTurnRegression" name="test_paragraph_multi_turn" time="134.196" /><testcase classname="tests.test_milestone7_paragraph_function.TestSessionCrud" name="test_create_get_patch" time="0.248" /><testcase classname="tests.test_milestone7_paragraph_function.TestSessionCrud" name="test_get_nonexistent" time="0.043" /></testsuite></testsuites>