<?xml version="1.0" encoding="utf-8"?><testsuites name="pytest tests"><testsuite name="pytest" errors="0" failures="1" skipped="0" tests="8" time="387.907" timestamp="2026-07-18T22:25:27.625993+00:00" hostname="agent-env-3627894e-c20b-4446-9c49-c717db2e143a"><testcase classname="tests.test_milestone9_coherence_function.TestStrongFlowFewTransitionWords" name="test_strong_flow_relationship_named_not_add_transitions" time="44.212" /><testcase classname="tests.test_milestone9_coherence_function.TestManyWordsWeakCoherence" name="test_engine_sees_through_connective_words" time="50.928" /><testcase classname="tests.test_milestone9_coherence_function.TestParagraphToParagraphLevel" name="test_paragraph_to_paragraph_level_identified" time="48.034" /><testcase classname="tests.test_milestone9_coherence_function.TestSentenceToSentenceLevel" name="test_sentence_to_sentence_level_identified" time="41.548"><failure message="AssertionError: level must mention sentence-to-sentence, got 'paragraph-level'&#10;assert ('sentence-to-sentence' in 'paragraph-level' or 'sentence to sentence' in 'paragraph-level')">backend/tests/test_milestone9_coherence_function.py:386: in test_sentence_to_sentence_level_identified
    assert "sentence-to-sentence" in level or "sentence to sentence" in level, (
E   AssertionError: level must mention sentence-to-sentence, got 'paragraph-level'
E   assert ('sentence-to-sentence' in 'paragraph-level' or 'sentence to sentence' in 'paragraph-level')</failure></testcase><testcase classname="tests.test_milestone9_coherence_function.TestMultiTurnRegression" name="test_multi_turn_theory_history_and_domains" time="149.322" /><testcase classname="tests.test_milestone9_coherence_function.TestM6M7M8Regression" name="test_paragraph_with_support_preserves_prior_frameworks" time="53.505" /><testcase classname="tests.test_milestone9_coherence_function.TestSessionCrud" name="test_create_get_patch_default_cf" time="0.233" /><testcase classname="tests.test_milestone9_coherence_function.TestSessionCrud" name="test_get_nonexistent" time="0.043" /></testsuite></testsuites>