<?xml version="1.0" encoding="utf-8"?><testsuites name="pytest tests"><testsuite name="pytest" errors="0" failures="0" skipped="0" tests="8" time="351.521" timestamp="2026-07-18T21:35:30.448028+00:00" hostname="agent-env-3627894e-c20b-4446-9c49-c717db2e143a"><testcase classname="tests.test_milestone8_evidence_function.TestStrongEvidenceWeakInterpretation" name="test_stat_honored_interpretation_gap_named" time="44.108" /><testcase classname="tests.test_milestone8_evidence_function.TestWeakEvidenceStrongInterpretation" name="test_interp_honored_grounding_edge" time="45.254" /><testcase classname="tests.test_milestone8_evidence_function.TestEmbeddedSupportRecognition" name="test_explanatory_process_description" time="42.208" /><testcase classname="tests.test_milestone8_evidence_function.TestEmbeddedSupportRecognition" name="test_reflective_sensory_memory" time="40.709" /><testcase classname="tests.test_milestone8_evidence_function.TestUnsupportedClaims" name="test_unsupported_claim_invited_to_ground" time="51.057" /><testcase classname="tests.test_milestone8_evidence_function.TestMultiTurnRegression" name="test_multi_turn_theory_history_and_domains" time="127.811" /><testcase classname="tests.test_milestone8_evidence_function.TestSessionCrud" name="test_create_get_patch_default_ef" time="0.236" /><testcase classname="tests.test_milestone8_evidence_function.TestSessionCrud" name="test_get_nonexistent" time="0.046" /></testsuite></testsuites>