<?xml version="1.0" encoding="utf-8"?><testsuites name="pytest tests"><testsuite name="pytest" errors="0" failures="1" skipped="0" tests="7" time="124.741" timestamp="2026-07-17T22:05:03.826269+00:00" hostname="agent-env-3627894e-c20b-4446-9c49-c717db2e143a"><testcase classname="tests.test_milestone2_opening.TestOpeningRecordShape" name="test_opening_record_has_enrichment_fields" time="0.000"><failure message="AssertionError: Opening record missing enrichment fields: ['differentiations', 'integrations', 'coordinations']&#10;assert not ['differentiations', 'integrations', 'coordinations']">backend/tests/test_milestone2_opening.py:116: in test_opening_record_has_enrichment_fields
    assert not missing, f"Opening record missing enrichment fields: {missing}"
E   AssertionError: Opening record missing enrichment fields: ['differentiations', 'integrations', 'coordinations']
E   assert not ['differentiations', 'integrations', 'coordinations']</failure></testcase><testcase classname="tests.test_milestone2_opening.TestOpeningInteractFlow" name="test_turn1_writing_selects_opening_and_populates_alternatives" time="38.307" /><testcase classname="tests.test_milestone2_opening.TestOpeningInteractFlow" name="test_turn2_revise_grows_history_and_changes_since_previous" time="42.973" /><testcase classname="tests.test_milestone2_opening.TestOpeningInteractFlow" name="test_turn3_answer_theory_history_v3" time="43.157" /><testcase classname="tests.test_milestone2_opening.TestReasonerPromptSizeWithOpening" name="test_recent_prompt_bytes_within_bounded_budget" time="0.001" /><testcase classname="tests.test_milestone2_opening.TestValidationRegression" name="test_empty_content_returns_400" time="0.125" /><testcase classname="tests.test_milestone2_opening.TestValidationRegression" name="test_missing_session_returns_404" time="0.089" /></testsuite></testsuites>