<?xml version="1.0" encoding="utf-8"?><testsuites name="pytest tests"><testsuite name="pytest" errors="0" failures="0" skipped="0" tests="14" time="202.173" timestamp="2026-07-17T23:17:32.910884+00:00" hostname="agent-env-3627894e-c20b-4446-9c49-c717db2e143a"><testcase classname="tests.test_milestone4_paragraph.TestParagraphRecordShape" name="test_paragraph_record_has_enrichment_fields" time="0.000" /><testcase classname="tests.test_milestone4_paragraph.TestParagraphRecordShape" name="test_observable_organizations_populated" time="0.000" /><testcase classname="tests.test_milestone4_paragraph.TestParagraphRecordShape" name="test_other_domains_untouched_by_m4" time="0.000" /><testcase classname="tests.test_milestone4_paragraph.TestParagraphReasoningFlow" name="test_turn1_writing_selects_paragraph_domain" time="30.203" /><testcase classname="tests.test_milestone4_paragraph.TestParagraphReasoningFlow" name="test_turn2_revise_theory_shifts" time="33.820" /><testcase classname="tests.test_milestone4_paragraph.TestParagraphReasoningFlow" name="test_turn3_answer_history_grows" time="35.127" /><testcase classname="tests.test_milestone4_paragraph.TestParagraphReasoningFlow" name="test_turn4_revise_reliability" time="37.973" /><testcase classname="tests.test_milestone4_paragraph.TestGenreSensitivity" name="test_narrative_paragraph_not_forced_into_argument" time="31.518" /><testcase classname="tests.test_milestone4_paragraph.TestGenreSensitivity" name="test_reflective_paragraph_uncertainty_honored" time="31.632" /><testcase classname="tests.test_milestone4_paragraph.TestSectionLevelRetrievalLog" name="test_recent_prompt_bytes_bounded" time="0.001" /><testcase classname="tests.test_milestone4_paragraph.TestSectionLevelRetrievalLog" name="test_log_reports_per_domain_section_counts" time="0.001" /><testcase classname="tests.test_milestone4_paragraph.TestValidationRegression" name="test_empty_content_returns_400" time="0.166" /><testcase classname="tests.test_milestone4_paragraph.TestValidationRegression" name="test_missing_session_returns_404" time="0.124" /><testcase classname="tests.test_milestone4_paragraph.TestSectionFilterHelperOnParagraph" name="test_get_relevant_domain_data_filters_paragraph_sections" time="1.521" /></testsuite></testsuites>