<?xml version="1.0" encoding="utf-8"?><testsuites name="pytest tests"><testsuite name="pytest" errors="0" failures="0" skipped="0" tests="5" time="133.718" timestamp="2026-07-18T01:07:55.468967+00:00" hostname="agent-env-3627894e-c20b-4446-9c49-c717db2e143a"><testcase classname="tests.test_milestone5_instruction_layer.TestInstructionFiresWhenNeeded" name="test_bare_topic_announcement_thesis_gets_instruct_then_invite" time="29.496" /><testcase classname="tests.test_milestone5_instruction_layer.TestInterventionShape" name="test_intervention_has_valid_type_and_cultural_resource_field" time="31.329" /><testcase classname="tests.test_milestone5_instruction_layer.TestMultiTurnAndConsolidate" name="test_three_turns_all_under_edge_cap_and_history_preserved" time="103.424" /><testcase classname="tests.test_milestone5_instruction_layer.TestRestraintOnCapableStudent" name="test_sophisticated_thesis_avoids_over_instruction" time="34.995" /><testcase classname="tests.test_milestone5_instruction_layer.TestTelosPatch" name="test_patch_telos_updates_pedagogical_purpose" time="0.275" /></testsuite></testsuites>