<?xml version="1.0" encoding="utf-8"?><testsuites name="pytest tests"><testsuite name="pytest" errors="0" failures="0" skipped="0" tests="8" time="317.771" timestamp="2026-07-18T23:25:26.186822+00:00" hostname="agent-env-3627894e-c20b-4446-9c49-c717db2e143a"><testcase classname="tests.test_milestone10_conclusion_function.TestEffectiveConclusion" name="test_effective_conclusion_honored_no_formulaic_rules" time="37.118" /><testcase classname="tests.test_milestone10_conclusion_function.TestMerelyStops" name="test_merely_stops_diagnosed" time="37.407" /><testcase classname="tests.test_milestone10_conclusion_function.TestOnlySummarizes" name="test_only_summarizes_treated_as_not_completion" time="39.439" /><testcase classname="tests.test_milestone10_conclusion_function.TestIntroducesNewIdea" name="test_new_idea_flagged_ai_does_not_encourage_new_content" time="41.251" /><testcase classname="tests.test_milestone10_conclusion_function.TestMultiTurnRegression" name="test_multi_turn_theory_history_and_domains" time="115.873" /><testcase classname="tests.test_milestone10_conclusion_function.TestM6M7M8M9Regression" name="test_paragraph_with_support_preserves_prior_frameworks" time="46.366" /><testcase classname="tests.test_milestone10_conclusion_function.TestSessionCrud" name="test_create_get_patch_default_concl" time="0.220" /><testcase classname="tests.test_milestone10_conclusion_function.TestSessionCrud" name="test_get_nonexistent" time="0.047" /></testsuite></testsuites>