<?xml version="1.0" encoding="utf-8"?><testsuites name="pytest tests"><testsuite name="pytest" errors="0" failures="0" skipped="0" tests="10" time="555.854" timestamp="2026-07-19T00:27:25.418338+00:00" hostname="agent-env-3627894e-c20b-4446-9c49-c717db2e143a"><testcase classname="tests.test_milestone11_scaffolding_control.TestScaffoldingControlPopulatedEveryTurn" name="test_ordinary_draft_populates_scaffolding_control" time="50.352" /><testcase classname="tests.test_milestone11_scaffolding_control.TestSingleTargetOnMultiWeakness" name="test_multi_weakness_draft_yields_one_target_and_postponed" time="58.694" /><testcase classname="tests.test_milestone11_scaffolding_control.TestModeAdapts" name="test_missing_concept_tends_to_explicit_instruction" time="38.110" /><testcase classname="tests.test_milestone11_scaffolding_control.TestModeAdapts" name="test_capable_near_insight_tends_to_developmental_question" time="52.621" /><testcase classname="tests.test_milestone11_scaffolding_control.TestIndependenceStops" name="test_independence_request_stops_or_consolidates" time="82.494" /><testcase classname="tests.test_milestone11_scaffolding_control.TestConsolidationNoRecursion" name="test_revision_triggers_consolidation_and_no_endless_recursion" time="161.540" /><testcase classname="tests.test_milestone11_scaffolding_control.TestM6toM10Regression" name="test_supported_paragraph_preserves_prior_frameworks" time="58.198" /><testcase classname="tests.test_milestone11_scaffolding_control.TestM6toM10Regression" name="test_ending_draft_activates_m10_and_populates_sc" time="53.483" /><testcase classname="tests.test_milestone11_scaffolding_control.TestSessionCrud" name="test_create_get_patch_and_default_scaffolding_control" time="0.263" /><testcase classname="tests.test_milestone11_scaffolding_control.TestSessionCrud" name="test_get_nonexistent" time="0.047" /></testsuite></testsuites>