<?xml version="1.0" encoding="utf-8"?><testsuites name="pytest tests"><testsuite name="pytest" errors="0" failures="0" skipped="0" tests="7" time="207.904" timestamp="2026-07-18T02:12:30.294997+00:00" hostname="agent-env-3627894e-c20b-4446-9c49-c717db2e143a"><testcase classname="tests.test_milestone5a_boundary.TestSessionCrud" name="test_create_and_get_session" time="0.265" /><testcase classname="tests.test_milestone5a_boundary.TestSessionCrud" name="test_get_nonexistent_session_returns_404" time="0.046" /><testcase classname="tests.test_milestone5a_boundary.TestSSEAndInterventionFields" name="test_writing_turn_streams_done_with_focus_writing" time="31.093" /><testcase classname="tests.test_milestone5a_boundary.TestAntiCoauthoring" name="test_three_reason_thesis_teaches_writing_not_content" time="35.297" /><testcase classname="tests.test_milestone5a_boundary.TestBrainstormingException" name="test_brainstorming_permission_allows_content_focus" time="34.190" /><testcase classname="tests.test_milestone5a_boundary.TestMultiTurnRegression" name="test_three_turns_history_and_domains" time="106.729" /><testcase classname="tests.test_milestone5a_boundary.TestMultiTurnRegression" name="test_patch_telos_updates_pedagogical_purpose" time="0.230" /></testsuite></testsuites>