<?xml version="1.0" encoding="utf-8"?><testsuites name="pytest tests"><testsuite name="pytest" errors="0" failures="0" skipped="0" tests="8" time="98.352" timestamp="2026-07-17T20:48:42.334461+00:00" hostname="agent-env-3627894e-c20b-4446-9c49-c717db2e143a"><testcase classname="tests.test_developmental_engine.TestSessionCreation" name="test_session_created_with_seeded_telos" time="0.277" /><testcase classname="tests.test_developmental_engine.TestFirstInteract" name="test_first_writing_populates_theory_and_history" time="27.646" /><testcase classname="tests.test_developmental_engine.TestSecondInteract" name="test_second_interact_revises_theory_and_history" time="34.672" /><testcase classname="tests.test_developmental_engine.TestThirdInteract" name="test_third_interact_answer_turn" time="35.216" /><testcase classname="tests.test_developmental_engine.TestTelosEdit" name="test_patch_telos_updates_session_and_appends_teacher_edit" time="0.204" /><testcase classname="tests.test_developmental_engine.TestPersistence" name="test_get_session_returns_full_state" time="0.053" /><testcase classname="tests.test_developmental_engine.TestValidation" name="test_empty_content_returns_400" time="0.046" /><testcase classname="tests.test_developmental_engine.TestValidation" name="test_missing_session_returns_404" time="0.140" /></testsuite></testsuites>