<?xml version="1.0" encoding="utf-8"?><testsuites name="pytest tests"><testsuite name="pytest" errors="0" failures="0" skipped="0" tests="6" time="40.368" timestamp="2026-07-17T17:17:57.636237+00:00" hostname="agent-env-3627894e-c20b-4446-9c49-c717db2e143a"><testcase classname="tests.test_developmental_engine.TestSessionCreation" name="test_create_session_returns_id_and_empty_state" time="0.224" /><testcase classname="tests.test_developmental_engine.TestFirstInteract" name="test_first_interact_writing" time="17.672" /><testcase classname="tests.test_developmental_engine.TestSecondInteract" name="test_second_interact_evolves_state" time="22.231" /><testcase classname="tests.test_developmental_engine.TestPersistence" name="test_get_session_returns_persisted_turns" time="0.068" /><testcase classname="tests.test_developmental_engine.TestPersistence" name="test_get_missing_session_returns_404" time="0.063" /><testcase classname="tests.test_developmental_engine.TestValidation" name="test_empty_content_returns_400" time="0.062" /></testsuite></testsuites>