<?xml version="1.0" encoding="utf-8"?><testsuites name="pytest tests"><testsuite name="pytest" errors="0" failures="0" skipped="0" tests="17" time="274.114" timestamp="2026-07-17T22:42:50.421314+00:00" hostname="agent-env-3627894e-c20b-4446-9c49-c717db2e143a"><testcase classname="tests.test_developmental_engine.TestSessionCreation" name="test_session_created_with_seeded_telos" time="0.142" /><testcase classname="tests.test_developmental_engine.TestFirstInteract" name="test_first_writing_populates_theory_and_history" time="30.807" /><testcase classname="tests.test_developmental_engine.TestSecondInteract" name="test_second_interact_revises_theory_and_history" time="43.424" /><testcase classname="tests.test_developmental_engine.TestThirdInteract" name="test_third_interact_answer_turn" time="34.994" /><testcase classname="tests.test_developmental_engine.TestFourthInteract" name="test_fourth_interact_second_revise" time="41.775" /><testcase classname="tests.test_developmental_engine.TestTwoStageSelection" name="test_reasoner_prompt_bytes_within_budget" time="0.001" /><testcase classname="tests.test_developmental_engine.TestTelosEdit" name="test_patch_telos_updates_session_and_appends_teacher_edit" time="0.309" /><testcase classname="tests.test_developmental_engine.TestPersistence" name="test_get_session_returns_full_state" time="0.051" /><testcase classname="tests.test_developmental_engine.TestValidation" name="test_empty_content_returns_400" time="0.053" /><testcase classname="tests.test_developmental_engine.TestValidation" name="test_missing_session_returns_404" time="0.160" /><testcase classname="tests.test_milestone2_opening.TestOpeningRecordShape" name="test_opening_record_has_enrichment_fields" time="0.000" /><testcase classname="tests.test_milestone2_opening.TestOpeningInteractFlow" name="test_turn1_writing_selects_opening_and_populates_alternatives" time="37.449" /><testcase classname="tests.test_milestone2_opening.TestOpeningInteractFlow" name="test_turn2_revise_grows_history_and_changes_since_previous" time="42.523" /><testcase classname="tests.test_milestone2_opening.TestOpeningInteractFlow" name="test_turn3_answer_theory_history_v3" time="42.072" /><testcase classname="tests.test_milestone2_opening.TestReasonerPromptSizeWithOpening" name="test_recent_prompt_bytes_within_bounded_budget" time="0.001" /><testcase classname="tests.test_milestone2_opening.TestValidationRegression" name="test_empty_content_returns_400" time="0.119" /><testcase classname="tests.test_milestone2_opening.TestValidationRegression" name="test_missing_session_returns_404" time="0.104" /></testsuite></testsuites>