<?xml version="1.0" encoding="utf-8"?><testsuites name="pytest tests"><testsuite name="pytest" errors="0" failures="0" skipped="0" tests="30" time="456.736" timestamp="2026-07-17T23:31:32.072541+00:00" hostname="agent-env-3627894e-c20b-4446-9c49-c717db2e143a"><testcase classname="tests.test_developmental_engine.TestSessionCreation" name="test_session_created_with_seeded_telos" time="0.110" /><testcase classname="tests.test_developmental_engine.TestFirstInteract" name="test_first_writing_populates_theory_and_history" time="32.908" /><testcase classname="tests.test_developmental_engine.TestSecondInteract" name="test_second_interact_revises_theory_and_history" time="39.755" /><testcase classname="tests.test_developmental_engine.TestThirdInteract" name="test_third_interact_answer_turn" time="38.036" /><testcase classname="tests.test_developmental_engine.TestFourthInteract" name="test_fourth_interact_second_revise" time="39.533" /><testcase classname="tests.test_developmental_engine.TestTwoStageSelection" name="test_reasoner_prompt_bytes_within_budget" time="0.001" /><testcase classname="tests.test_developmental_engine.TestTelosEdit" name="test_patch_telos_updates_session_and_appends_teacher_edit" time="0.247" /><testcase classname="tests.test_developmental_engine.TestPersistence" name="test_get_session_returns_full_state" time="0.087" /><testcase classname="tests.test_developmental_engine.TestValidation" name="test_empty_content_returns_400" time="0.053" /><testcase classname="tests.test_developmental_engine.TestValidation" name="test_missing_session_returns_404" time="0.160" /><testcase classname="tests.test_milestone2_opening.TestOpeningRecordShape" name="test_opening_record_has_enrichment_fields" time="0.000" /><testcase classname="tests.test_milestone2_opening.TestOpeningInteractFlow" name="test_turn1_writing_selects_opening_and_populates_alternatives" time="38.548" /><testcase classname="tests.test_milestone2_opening.TestOpeningInteractFlow" name="test_turn2_revise_grows_history_and_changes_since_previous" time="37.663" /><testcase classname="tests.test_milestone2_opening.TestOpeningInteractFlow" name="test_turn3_answer_theory_history_v3" time="40.015" /><testcase classname="tests.test_milestone2_opening.TestReasonerPromptSizeWithOpening" name="test_recent_prompt_bytes_within_bounded_budget" time="0.001" /><testcase classname="tests.test_milestone2_opening.TestValidationRegression" name="test_empty_content_returns_400" time="0.114" /><testcase classname="tests.test_milestone2_opening.TestValidationRegression" name="test_missing_session_returns_404" time="0.087" /><testcase classname="tests.test_milestone3_thesis.TestThesisRecordShape" name="test_thesis_record_has_enrichment_fields" time="0.000" /><testcase classname="tests.test_milestone3_thesis.TestSectionLevelRetrievalHelper" name="test_get_relevant_domain_data_filters_by_sections" time="1.530" /><testcase classname="tests.test_milestone3_thesis.TestSectionLevelRetrievalHelper" name="test_get_relevant_domain_data_falls_back_to_full_record" time="0.000" /><testcase classname="tests.test_milestone3_thesis.TestSectionLevelRetrievalHelper" name="test_get_relevant_domain_data_accepts_bare_names" time="0.000" /><testcase classname="tests.test_milestone3_thesis.TestThesisReasoningFlow" name="test_turn1_writing_selects_thesis_domain" time="33.870" /><testcase classname="tests.test_milestone3_thesis.TestThesisReasoningFlow" name="test_turn2_revise_shifts_theory" time="38.177" /><testcase classname="tests.test_milestone3_thesis.TestThesisReasoningFlow" name="test_turn3_answer_history_grows" time="38.457" /><testcase classname="tests.test_milestone3_thesis.TestThesisReasoningFlow" name="test_turn4_revise_history_v4_reliability" time="43.582" /><testcase classname="tests.test_milestone3_thesis.TestGenreSensitivity" name="test_narrative_opening_does_not_demand_argumentative_thesis" time="33.406" /><testcase classname="tests.test_milestone3_thesis.TestSectionLevelRetrievalLog" name="test_recent_prompt_bytes_bounded_by_section_filter" time="0.001" /><testcase classname="tests.test_milestone3_thesis.TestSectionLevelRetrievalLog" name="test_log_reports_per_domain_section_counts" time="0.001" /><testcase classname="tests.test_milestone3_thesis.TestValidationRegression" name="test_empty_content_returns_400" time="0.220" /><testcase classname="tests.test_milestone3_thesis.TestValidationRegression" name="test_missing_session_returns_404" time="0.107" /></testsuite></testsuites>