<?xml version="1.0" encoding="utf-8"?><testsuites name="pytest tests"><testsuite name="pytest" errors="0" failures="2" skipped="0" tests="44" time="741.847" timestamp="2026-07-18T01:10:14.778962+00:00" hostname="agent-env-3627894e-c20b-4446-9c49-c717db2e143a"><testcase classname="tests.test_developmental_engine.TestSessionCreation" name="test_session_created_with_seeded_telos" time="0.123" /><testcase classname="tests.test_developmental_engine.TestFirstInteract" name="test_first_writing_populates_theory_and_history" time="36.220" /><testcase classname="tests.test_developmental_engine.TestSecondInteract" name="test_second_interact_revises_theory_and_history" time="45.057" /><testcase classname="tests.test_developmental_engine.TestThirdInteract" name="test_third_interact_answer_turn" time="40.141" /><testcase classname="tests.test_developmental_engine.TestFourthInteract" name="test_fourth_interact_second_revise" time="42.351" /><testcase classname="tests.test_developmental_engine.TestTwoStageSelection" name="test_reasoner_prompt_bytes_within_budget" time="0.004"><failure message="AssertionError: reasoner_prompt_bytes=27582 for domains={'Central Claim / Thesis': 6, 'Paragraph Purpose': 5} — expected &lt;=26KB (Opening / Introduction enriched ~15KB). Two-stage selection may not be limiting payload as intended.&#10;assert 27582 &lt;= 26000">backend/tests/test_developmental_engine.py:555: in test_reasoner_prompt_bytes_within_budget
    assert size &lt;= 26000, (
E   AssertionError: reasoner_prompt_bytes=27582 for domains={'Central Claim / Thesis': 6, 'Paragraph Purpose': 5} — expected &lt;=26KB (Opening / Introduction enriched ~15KB). Two-stage selection may not be limiting payload as intended.
E   assert 27582 &lt;= 26000</failure></testcase><testcase classname="tests.test_developmental_engine.TestTelosEdit" name="test_patch_telos_updates_session_and_appends_teacher_edit" time="0.202" /><testcase classname="tests.test_developmental_engine.TestPersistence" name="test_get_session_returns_full_state" time="0.050" /><testcase classname="tests.test_developmental_engine.TestValidation" name="test_empty_content_returns_400" time="0.043" /><testcase classname="tests.test_developmental_engine.TestValidation" name="test_missing_session_returns_404" time="0.136" /><testcase classname="tests.test_milestone2_opening.TestOpeningRecordShape" name="test_opening_record_has_enrichment_fields" time="0.000" /><testcase classname="tests.test_milestone2_opening.TestOpeningInteractFlow" name="test_turn1_writing_selects_opening_and_populates_alternatives" time="43.835" /><testcase classname="tests.test_milestone2_opening.TestOpeningInteractFlow" name="test_turn2_revise_grows_history_and_changes_since_previous" time="49.830" /><testcase classname="tests.test_milestone2_opening.TestOpeningInteractFlow" name="test_turn3_answer_theory_history_v3" time="51.428" /><testcase classname="tests.test_milestone2_opening.TestReasonerPromptSizeWithOpening" name="test_recent_prompt_bytes_within_bounded_budget" time="0.001" /><testcase classname="tests.test_milestone2_opening.TestValidationRegression" name="test_empty_content_returns_400" time="0.184" /><testcase classname="tests.test_milestone2_opening.TestValidationRegression" name="test_missing_session_returns_404" time="0.101" /><testcase classname="tests.test_milestone3_thesis.TestThesisRecordShape" name="test_thesis_record_has_enrichment_fields" time="0.000" /><testcase classname="tests.test_milestone3_thesis.TestSectionLevelRetrievalHelper" name="test_get_relevant_domain_data_filters_by_sections" time="1.646" /><testcase classname="tests.test_milestone3_thesis.TestSectionLevelRetrievalHelper" name="test_get_relevant_domain_data_falls_back_to_full_record" time="0.000" /><testcase classname="tests.test_milestone3_thesis.TestSectionLevelRetrievalHelper" name="test_get_relevant_domain_data_accepts_bare_names" time="0.000" /><testcase classname="tests.test_milestone3_thesis.TestThesisReasoningFlow" name="test_turn1_writing_selects_thesis_domain" time="34.329" /><testcase classname="tests.test_milestone3_thesis.TestThesisReasoningFlow" name="test_turn2_revise_shifts_theory" time="38.576" /><testcase classname="tests.test_milestone3_thesis.TestThesisReasoningFlow" name="test_turn3_answer_history_grows" time="41.516" /><testcase classname="tests.test_milestone3_thesis.TestThesisReasoningFlow" name="test_turn4_revise_history_v4_reliability" time="50.502" /><testcase classname="tests.test_milestone3_thesis.TestGenreSensitivity" name="test_narrative_opening_does_not_demand_argumentative_thesis" time="34.539" /><testcase classname="tests.test_milestone3_thesis.TestSectionLevelRetrievalLog" name="test_recent_prompt_bytes_bounded_by_section_filter" time="0.001"><failure message="AssertionError: median reasoner_prompt_bytes=17095 across recent turns is too high; section-level retrieval expected to keep median &lt;= 16KB. sizes=[17095, 20733, 19484, 15047, 18676, 12833, 14243, 12892]&#10;assert 17095 &lt;= 16000">backend/tests/test_milestone3_thesis.py:460: in test_recent_prompt_bytes_bounded_by_section_filter
    assert median &lt;= 16000, (
E   AssertionError: median reasoner_prompt_bytes=17095 across recent turns is too high; section-level retrieval expected to keep median &lt;= 16KB. sizes=[17095, 20733, 19484, 15047, 18676, 12833, 14243, 12892]
E   assert 17095 &lt;= 16000</failure></testcase><testcase classname="tests.test_milestone3_thesis.TestSectionLevelRetrievalLog" name="test_log_reports_per_domain_section_counts" time="0.001" /><testcase classname="tests.test_milestone3_thesis.TestValidationRegression" name="test_empty_content_returns_400" time="0.134" /><testcase classname="tests.test_milestone3_thesis.TestValidationRegression" name="test_missing_session_returns_404" time="0.193" /><testcase classname="tests.test_milestone4_paragraph.TestParagraphRecordShape" name="test_paragraph_record_has_enrichment_fields" time="0.000" /><testcase classname="tests.test_milestone4_paragraph.TestParagraphRecordShape" name="test_observable_organizations_populated" time="0.000" /><testcase classname="tests.test_milestone4_paragraph.TestParagraphRecordShape" name="test_other_domains_untouched_by_m4" time="0.000" /><testcase classname="tests.test_milestone4_paragraph.TestParagraphReasoningFlow" name="test_turn1_writing_selects_paragraph_domain" time="31.081" /><testcase classname="tests.test_milestone4_paragraph.TestParagraphReasoningFlow" name="test_turn2_revise_theory_shifts" time="37.815" /><testcase classname="tests.test_milestone4_paragraph.TestParagraphReasoningFlow" name="test_turn3_answer_history_grows" time="39.169" /><testcase classname="tests.test_milestone4_paragraph.TestParagraphReasoningFlow" name="test_turn4_revise_reliability" time="44.798" /><testcase classname="tests.test_milestone4_paragraph.TestGenreSensitivity" name="test_narrative_paragraph_not_forced_into_argument" time="38.730" /><testcase classname="tests.test_milestone4_paragraph.TestGenreSensitivity" name="test_reflective_paragraph_uncertainty_honored" time="38.540" /><testcase classname="tests.test_milestone4_paragraph.TestSectionLevelRetrievalLog" name="test_recent_prompt_bytes_bounded" time="0.001" /><testcase classname="tests.test_milestone4_paragraph.TestSectionLevelRetrievalLog" name="test_log_reports_per_domain_section_counts" time="0.001" /><testcase classname="tests.test_milestone4_paragraph.TestValidationRegression" name="test_empty_content_returns_400" time="0.181" /><testcase classname="tests.test_milestone4_paragraph.TestValidationRegression" name="test_missing_session_returns_404" time="0.243" /><testcase classname="tests.test_milestone4_paragraph.TestSectionFilterHelperOnParagraph" name="test_get_relevant_domain_data_filters_paragraph_sections" time="0.001" /></testsuite></testsuites>