<?xml version="1.0" encoding="utf-8"?><testsuites name="pytest tests"><testsuite name="pytest" errors="0" failures="0" skipped="0" tests="8" time="1.368" timestamp="2026-07-23T16:52:48.081829+00:00" hostname="agent-env-3627894e-c20b-4446-9c49-c717db2e143a"><testcase classname="tests.test_teacher_assignments.TestListAssignmentSessions" name="test_returns_assignment_and_students" time="0.446" /><testcase classname="tests.test_teacher_assignments.TestStudentJoinByCode" name="test_join_by_code_creates_linked_session" time="0.568" /><testcase classname="tests.test_teacher_assignments.TestListAssignmentSessions" name="test_unknown_assignment_404" time="0.048" /><testcase classname="tests.test_teacher_assignments.TestCreateSessionFromConfig" name="test_create_session_carries_linkage" time="0.054" /><testcase classname="tests.test_teacher_assignments.TestActivateValidation" name="test_activate_missing_required_fails" time="0.136" /><testcase classname="tests.test_teacher_assignments.TestStudentJoinByCode" name="test_join_unknown_code_returns_404" time="0.073" /><testcase classname="tests.test_teacher_assignments.TestListAssignments" name="test_shape_and_contains_created" time="0.075" /><testcase classname="tests.test_teacher_assignments.TestRegressionSessions" name="test_create_and_interact" time="0.103" /></testsuite></testsuites>